2022-10-10 11:28:46,491 INFO io.javalin.core.util.JavalinLogger [main] 
       __                      __ _            __ __
      / /____ _ _   __ ____ _ / /(_)____      / // /
 __  / // __ `/| | / // __ `// // // __ \    / // /_
/ /_/ // /_/ / | |/ // /_/ // // // / / /   /__  __/
\____/ \__,_/  |___/ \__,_//_//_//_/ /_/      /_/

          https://javalin.io/documentation

2022-10-10 11:28:46,510 INFO org.eclipse.jetty.util.log.Log [main] Logging initialized @715ms to org.eclipse.jetty.util.log.Slf4jLog
2022-10-10 11:28:46,511 INFO io.javalin.core.util.JavalinLogger [main] Starting Javalin ...
2022-10-10 11:28:46,545 INFO io.javalin.core.util.JavalinLogger [main] You are running Javalin 4.6.4 (released July 8, 2022. Your Javalin version is 94 days old. Consider checking for a newer version.).
2022-10-10 11:28:46,835 INFO io.javalin.core.util.JavalinLogger [main] Listening on http://localhost:8081/
2022-10-10 11:28:46,836 INFO io.javalin.core.util.JavalinLogger [main] Javalin started in 326ms \o/
2022-10-10 11:29:01,268 INFO io.javalin.core.util.JavalinLogger [main] 
       __                      __ _            __ __
      / /____ _ _   __ ____ _ / /(_)____      / // /
 __  / // __ `/| | / // __ `// // // __ \    / // /_
/ /_/ // /_/ / | |/ // /_/ // // // / / /   /__  __/
\____/ \__,_/  |___/ \__,_//_//_//_/ /_/      /_/

          https://javalin.io/documentation

2022-10-10 11:29:01,283 INFO org.eclipse.jetty.util.log.Log [main] Logging initialized @710ms to org.eclipse.jetty.util.log.Slf4jLog
2022-10-10 11:29:01,285 INFO io.javalin.core.util.JavalinLogger [main] Starting Javalin ...
2022-10-10 11:29:01,315 INFO io.javalin.core.util.JavalinLogger [main] You are running Javalin 4.6.4 (released July 8, 2022. Your Javalin version is 94 days old. Consider checking for a newer version.).
2022-10-10 11:29:01,589 INFO io.javalin.core.util.JavalinLogger [main] Listening on http://localhost:8081/
2022-10-10 11:29:01,589 INFO io.javalin.core.util.JavalinLogger [main] Javalin started in 305ms \o/
2022-10-10 11:37:06,457 INFO io.javalin.core.util.JavalinLogger [main] 
       __                      __ _            __ __
      / /____ _ _   __ ____ _ / /(_)____      / // /
 __  / // __ `/| | / // __ `// // // __ \    / // /_
/ /_/ // /_/ / | |/ // /_/ // // // / / /   /__  __/
\____/ \__,_/  |___/ \__,_//_//_//_/ /_/      /_/

          https://javalin.io/documentation

2022-10-10 11:37:06,472 INFO org.eclipse.jetty.util.log.Log [main] Logging initialized @700ms to org.eclipse.jetty.util.log.Slf4jLog
2022-10-10 11:37:06,474 INFO io.javalin.core.util.JavalinLogger [main] Starting Javalin ...
2022-10-10 11:37:06,500 INFO io.javalin.core.util.JavalinLogger [main] You are running Javalin 4.6.4 (released July 8, 2022. Your Javalin version is 94 days old. Consider checking for a newer version.).
2022-10-10 11:37:06,793 INFO io.javalin.core.util.JavalinLogger [main] Listening on http://localhost:8081/
2022-10-10 11:37:06,793 INFO io.javalin.core.util.JavalinLogger [main] Javalin started in 320ms \o/
2022-10-10 11:57:12,872 INFO io.javalin.core.util.JavalinLogger [main] 
       __                      __ _            __ __
      / /____ _ _   __ ____ _ / /(_)____      / // /
 __  / // __ `/| | / // __ `// // // __ \    / // /_
/ /_/ // /_/ / | |/ // /_/ // // // / / /   /__  __/
\____/ \__,_/  |___/ \__,_//_//_//_/ /_/      /_/

          https://javalin.io/documentation

2022-10-10 11:57:12,886 INFO org.eclipse.jetty.util.log.Log [main] Logging initialized @699ms to org.eclipse.jetty.util.log.Slf4jLog
2022-10-10 11:57:12,887 INFO io.javalin.core.util.JavalinLogger [main] Starting Javalin ...
2022-10-10 11:57:12,914 INFO io.javalin.core.util.JavalinLogger [main] You are running Javalin 4.6.4 (released July 8, 2022. Your Javalin version is 94 days old. Consider checking for a newer version.).
2022-10-10 11:57:13,187 INFO io.javalin.core.util.JavalinLogger [main] Listening on http://localhost:8081/
2022-10-10 11:57:13,188 INFO io.javalin.core.util.JavalinLogger [main] Javalin started in 302ms \o/
2022-10-10 11:59:43,941 INFO io.javalin.core.util.JavalinLogger [main] 
       __                      __ _            __ __
      / /____ _ _   __ ____ _ / /(_)____      / // /
 __  / // __ `/| | / // __ `// // // __ \    / // /_
/ /_/ // /_/ / | |/ // /_/ // // // / / /   /__  __/
\____/ \__,_/  |___/ \__,_//_//_//_/ /_/      /_/

          https://javalin.io/documentation

2022-10-10 11:59:43,955 INFO org.eclipse.jetty.util.log.Log [main] Logging initialized @697ms to org.eclipse.jetty.util.log.Slf4jLog
2022-10-10 11:59:43,956 INFO io.javalin.core.util.JavalinLogger [main] Starting Javalin ...
2022-10-10 11:59:43,981 INFO io.javalin.core.util.JavalinLogger [main] You are running Javalin 4.6.4 (released July 8, 2022. Your Javalin version is 94 days old. Consider checking for a newer version.).
2022-10-10 11:59:44,318 INFO io.javalin.core.util.JavalinLogger [main] Listening on http://localhost:8081/
2022-10-10 11:59:44,319 INFO io.javalin.core.util.JavalinLogger [main] Javalin started in 364ms \o/
2022-10-10 12:03:42,584 ERROR com.revature.repos.EmployeeRepo [JettyServerThreadPool-18] ERROR: duplicate key value violates unique constraint "employees_email_key"
  Detail: Key (email)=(spider@email.com) already exists.
2022-10-10 12:05:41,982 INFO io.javalin.core.util.JavalinLogger [main] 
       __                      __ _            __ __
      / /____ _ _   __ ____ _ / /(_)____      / // /
 __  / // __ `/| | / // __ `// // // __ \    / // /_
/ /_/ // /_/ / | |/ // /_/ // // // / / /   /__  __/
\____/ \__,_/  |___/ \__,_//_//_//_/ /_/      /_/

          https://javalin.io/documentation

2022-10-10 12:05:41,993 INFO org.eclipse.jetty.util.log.Log [main] Logging initialized @703ms to org.eclipse.jetty.util.log.Slf4jLog
2022-10-10 12:05:41,994 INFO io.javalin.core.util.JavalinLogger [main] Starting Javalin ...
2022-10-10 12:05:42,021 INFO io.javalin.core.util.JavalinLogger [main] You are running Javalin 4.6.4 (released July 8, 2022. Your Javalin version is 94 days old. Consider checking for a newer version.).
2022-10-10 12:05:42,369 INFO io.javalin.core.util.JavalinLogger [main] Listening on http://localhost:8081/
2022-10-10 12:05:42,370 INFO io.javalin.core.util.JavalinLogger [main] Javalin started in 376ms \o/
2022-10-10 12:05:45,143 ERROR com.revature.repos.EmployeeRepo [JettyServerThreadPool-19] ERROR: duplicate key value violates unique constraint "employees_email_key"
  Detail: Key (email)=(spider@email.com) already exists.
2022-10-10 12:11:40,227 INFO io.javalin.core.util.JavalinLogger [main] 
       __                      __ _            __ __
      / /____ _ _   __ ____ _ / /(_)____      / // /
 __  / // __ `/| | / // __ `// // // __ \    / // /_
/ /_/ // /_/ / | |/ // /_/ // // // / / /   /__  __/
\____/ \__,_/  |___/ \__,_//_//_//_/ /_/      /_/

          https://javalin.io/documentation

2022-10-10 12:11:40,240 INFO org.eclipse.jetty.util.log.Log [main] Logging initialized @665ms to org.eclipse.jetty.util.log.Slf4jLog
2022-10-10 12:11:40,241 INFO io.javalin.core.util.JavalinLogger [main] Starting Javalin ...
2022-10-10 12:11:40,267 INFO io.javalin.core.util.JavalinLogger [main] You are running Javalin 4.6.4 (released July 8, 2022. Your Javalin version is 94 days old. Consider checking for a newer version.).
2022-10-10 12:11:40,540 INFO io.javalin.core.util.JavalinLogger [main] Listening on http://localhost:8081/
2022-10-10 12:11:40,541 INFO io.javalin.core.util.JavalinLogger [main] Javalin started in 300ms \o/
2022-10-10 12:13:35,095 WARN io.javalin.core.util.JavalinLogger [JettyServerThreadPool-18] Uncaught exception
com.fasterxml.jackson.databind.exc.UnrecognizedPropertyException: Unrecognized field "submission_date" (class com.revature.models.Ticket), not marked as ignorable (6 known properties: "status", "amount", "id", "employee_id", "date", "description"])
 at [Source: (String)"
     {
         "amount":35.99,
         "submission_date":"2022-10-15",
         "employee_id":1,
         "description":"Staionary"
    }
"; line: 4, column: 29] (through reference chain: com.revature.models.Ticket["submission_date"])
	at com.fasterxml.jackson.databind.exc.UnrecognizedPropertyException.from(UnrecognizedPropertyException.java:61)
	at com.fasterxml.jackson.databind.DeserializationContext.handleUnknownProperty(DeserializationContext.java:1127)
	at com.fasterxml.jackson.databind.deser.std.StdDeserializer.handleUnknownProperty(StdDeserializer.java:2023)
	at com.fasterxml.jackson.databind.deser.BeanDeserializerBase.handleUnknownProperty(BeanDeserializerBase.java:1700)
	at com.fasterxml.jackson.databind.deser.BeanDeserializerBase.handleUnknownVanilla(BeanDeserializerBase.java:1678)
	at com.fasterxml.jackson.databind.deser.BeanDeserializer.vanillaDeserialize(BeanDeserializer.java:319)
	at com.fasterxml.jackson.databind.deser.BeanDeserializer.deserialize(BeanDeserializer.java:176)
	at com.fasterxml.jackson.databind.deser.DefaultDeserializationContext.readRootValue(DefaultDeserializationContext.java:323)
	at com.fasterxml.jackson.databind.ObjectMapper._readMapAndClose(ObjectMapper.java:4674)
	at com.fasterxml.jackson.databind.ObjectMapper.readValue(ObjectMapper.java:3629)
	at com.fasterxml.jackson.databind.ObjectMapper.readValue(ObjectMapper.java:3597)
	at io.javalin.plugin.json.JavalinJackson.fromJsonString(JavalinJackson.kt:37)
	at io.javalin.http.Context.bodyAsClass(Context.kt:113)
	at com.revature.controllers.TicketController.lambda$new$0(TicketController.java:21)
	at io.javalin.core.security.SecurityUtil.noopAccessManager(SecurityUtil.kt:20)
	at io.javalin.http.JavalinServlet.addHandler$lambda-0(JavalinServlet.kt:96)
	at io.javalin.http.JavalinServlet$lifecycle$2$1$1.invoke(JavalinServlet.kt:43)
	at io.javalin.http.JavalinServlet$lifecycle$2$1$1.invoke(JavalinServlet.kt:43)
	at io.javalin.http.JavalinServletHandler.executeNextTask(JavalinServletHandler.kt:99)
	at io.javalin.http.JavalinServletHandler.queueNextTaskOrFinish$lambda-1(JavalinServletHandler.kt:85)
	at java.util.concurrent.CompletableFuture.uniComposeStage(CompletableFuture.java:995)
	at java.util.concurrent.CompletableFuture.thenCompose(CompletableFuture.java:2137)
	at io.javalin.http.JavalinServletHandler.queueNextTaskOrFinish$javalin(JavalinServletHandler.kt:85)
	at io.javalin.http.JavalinServlet.service(JavalinServlet.kt:89)
	at javax.servlet.http.HttpServlet.service(HttpServlet.java:790)
	at io.javalin.jetty.JavalinJettyServlet.service(JavalinJettyServlet.kt:58)
	at javax.servlet.http.HttpServlet.service(HttpServlet.java:790)
	at org.eclipse.jetty.servlet.ServletHolder.handle(ServletHolder.java:799)
	at org.eclipse.jetty.servlet.ServletHandler.doHandle(ServletHandler.java:554)
	at org.eclipse.jetty.server.handler.ScopedHandler.nextHandle(ScopedHandler.java:233)
	at org.eclipse.jetty.server.session.SessionHandler.doHandle(SessionHandler.java:1624)
	at org.eclipse.jetty.server.handler.ScopedHandler.nextHandle(ScopedHandler.java:233)
	at io.javalin.jetty.JettyServer$start$wsAndHttpHandler$1.doHandle(JettyServer.kt:52)
	at org.eclipse.jetty.server.handler.ScopedHandler.nextScope(ScopedHandler.java:188)
	at org.eclipse.jetty.servlet.ServletHandler.doScope(ServletHandler.java:505)
	at org.eclipse.jetty.server.session.SessionHandler.doScope(SessionHandler.java:1594)
	at org.eclipse.jetty.server.handler.ScopedHandler.nextScope(ScopedHandler.java:186)
	at org.eclipse.jetty.server.handler.ContextHandler.doScope(ContextHandler.java:1355)
	at org.eclipse.jetty.server.handler.ScopedHandler.handle(ScopedHandler.java:141)
	at org.eclipse.jetty.server.handler.StatisticsHandler.handle(StatisticsHandler.java:181)
	at org.eclipse.jetty.server.handler.HandlerWrapper.handle(HandlerWrapper.java:127)
	at org.eclipse.jetty.server.Server.handle(Server.java:516)
	at org.eclipse.jetty.server.HttpChannel.lambda$handle$1(HttpChannel.java:487)
	at org.eclipse.jetty.server.HttpChannel.dispatch(HttpChannel.java:732)
	at org.eclipse.jetty.server.HttpChannel.handle(HttpChannel.java:479)
	at org.eclipse.jetty.server.HttpConnection.onFillable(HttpConnection.java:277)
	at org.eclipse.jetty.io.AbstractConnection$ReadCallback.succeeded(AbstractConnection.java:311)
	at org.eclipse.jetty.io.FillInterest.fillable(FillInterest.java:105)
	at org.eclipse.jetty.io.ChannelEndPoint$1.run(ChannelEndPoint.java:104)
	at org.eclipse.jetty.util.thread.QueuedThreadPool.runJob(QueuedThreadPool.java:883)
	at org.eclipse.jetty.util.thread.QueuedThreadPool$Runner.run(QueuedThreadPool.java:1034)
	at java.lang.Thread.run(Thread.java:750)
2022-10-10 12:13:53,855 INFO io.javalin.core.util.JavalinLogger [main] 
       __                      __ _            __ __
      / /____ _ _   __ ____ _ / /(_)____      / // /
 __  / // __ `/| | / // __ `// // // __ \    / // /_
/ /_/ // /_/ / | |/ // /_/ // // // / / /   /__  __/
\____/ \__,_/  |___/ \__,_//_//_//_/ /_/      /_/

          https://javalin.io/documentation

2022-10-10 12:13:53,871 INFO org.eclipse.jetty.util.log.Log [main] Logging initialized @762ms to org.eclipse.jetty.util.log.Slf4jLog
2022-10-10 12:13:53,872 INFO io.javalin.core.util.JavalinLogger [main] Starting Javalin ...
2022-10-10 12:13:53,906 INFO io.javalin.core.util.JavalinLogger [main] You are running Javalin 4.6.4 (released July 8, 2022. Your Javalin version is 94 days old. Consider checking for a newer version.).
2022-10-10 12:13:54,201 INFO io.javalin.core.util.JavalinLogger [main] Listening on http://localhost:8081/
2022-10-10 12:13:54,202 INFO io.javalin.core.util.JavalinLogger [main] Javalin started in 331ms \o/
2022-10-10 12:14:03,580 WARN io.javalin.core.util.JavalinLogger [JettyServerThreadPool-18] Uncaught exception
com.fasterxml.jackson.databind.exc.UnrecognizedPropertyException: Unrecognized field "submission_date" (class com.revature.models.Ticket), not marked as ignorable (6 known properties: "status", "amount", "id", "employee_id", "date", "description"])
 at [Source: (String)"
     {
         "amount":35.99,
         "submission_date":"2022-10-15",
         "employee_id":1,
         "description":"Staionary"
    }
"; line: 4, column: 29] (through reference chain: com.revature.models.Ticket["submission_date"])
	at com.fasterxml.jackson.databind.exc.UnrecognizedPropertyException.from(UnrecognizedPropertyException.java:61)
	at com.fasterxml.jackson.databind.DeserializationContext.handleUnknownProperty(DeserializationContext.java:1127)
	at com.fasterxml.jackson.databind.deser.std.StdDeserializer.handleUnknownProperty(StdDeserializer.java:2023)
	at com.fasterxml.jackson.databind.deser.BeanDeserializerBase.handleUnknownProperty(BeanDeserializerBase.java:1700)
	at com.fasterxml.jackson.databind.deser.BeanDeserializerBase.handleUnknownVanilla(BeanDeserializerBase.java:1678)
	at com.fasterxml.jackson.databind.deser.BeanDeserializer.vanillaDeserialize(BeanDeserializer.java:319)
	at com.fasterxml.jackson.databind.deser.BeanDeserializer.deserialize(BeanDeserializer.java:176)
	at com.fasterxml.jackson.databind.deser.DefaultDeserializationContext.readRootValue(DefaultDeserializationContext.java:323)
	at com.fasterxml.jackson.databind.ObjectMapper._readMapAndClose(ObjectMapper.java:4674)
	at com.fasterxml.jackson.databind.ObjectMapper.readValue(ObjectMapper.java:3629)
	at com.fasterxml.jackson.databind.ObjectMapper.readValue(ObjectMapper.java:3597)
	at io.javalin.plugin.json.JavalinJackson.fromJsonString(JavalinJackson.kt:37)
	at io.javalin.http.Context.bodyAsClass(Context.kt:113)
	at com.revature.controllers.TicketController.lambda$new$0(TicketController.java:21)
	at io.javalin.core.security.SecurityUtil.noopAccessManager(SecurityUtil.kt:20)
	at io.javalin.http.JavalinServlet.addHandler$lambda-0(JavalinServlet.kt:96)
	at io.javalin.http.JavalinServlet$lifecycle$2$1$1.invoke(JavalinServlet.kt:43)
	at io.javalin.http.JavalinServlet$lifecycle$2$1$1.invoke(JavalinServlet.kt:43)
	at io.javalin.http.JavalinServletHandler.executeNextTask(JavalinServletHandler.kt:99)
	at io.javalin.http.JavalinServletHandler.queueNextTaskOrFinish$lambda-1(JavalinServletHandler.kt:85)
	at java.util.concurrent.CompletableFuture.uniComposeStage(CompletableFuture.java:995)
	at java.util.concurrent.CompletableFuture.thenCompose(CompletableFuture.java:2137)
	at io.javalin.http.JavalinServletHandler.queueNextTaskOrFinish$javalin(JavalinServletHandler.kt:85)
	at io.javalin.http.JavalinServlet.service(JavalinServlet.kt:89)
	at javax.servlet.http.HttpServlet.service(HttpServlet.java:790)
	at io.javalin.jetty.JavalinJettyServlet.service(JavalinJettyServlet.kt:58)
	at javax.servlet.http.HttpServlet.service(HttpServlet.java:790)
	at org.eclipse.jetty.servlet.ServletHolder.handle(ServletHolder.java:799)
	at org.eclipse.jetty.servlet.ServletHandler.doHandle(ServletHandler.java:554)
	at org.eclipse.jetty.server.handler.ScopedHandler.nextHandle(ScopedHandler.java:233)
	at org.eclipse.jetty.server.session.SessionHandler.doHandle(SessionHandler.java:1624)
	at org.eclipse.jetty.server.handler.ScopedHandler.nextHandle(ScopedHandler.java:233)
	at io.javalin.jetty.JettyServer$start$wsAndHttpHandler$1.doHandle(JettyServer.kt:52)
	at org.eclipse.jetty.server.handler.ScopedHandler.nextScope(ScopedHandler.java:188)
	at org.eclipse.jetty.servlet.ServletHandler.doScope(ServletHandler.java:505)
	at org.eclipse.jetty.server.session.SessionHandler.doScope(SessionHandler.java:1594)
	at org.eclipse.jetty.server.handler.ScopedHandler.nextScope(ScopedHandler.java:186)
	at org.eclipse.jetty.server.handler.ContextHandler.doScope(ContextHandler.java:1355)
	at org.eclipse.jetty.server.handler.ScopedHandler.handle(ScopedHandler.java:141)
	at org.eclipse.jetty.server.handler.StatisticsHandler.handle(StatisticsHandler.java:181)
	at org.eclipse.jetty.server.handler.HandlerWrapper.handle(HandlerWrapper.java:127)
	at org.eclipse.jetty.server.Server.handle(Server.java:516)
	at org.eclipse.jetty.server.HttpChannel.lambda$handle$1(HttpChannel.java:487)
	at org.eclipse.jetty.server.HttpChannel.dispatch(HttpChannel.java:732)
	at org.eclipse.jetty.server.HttpChannel.handle(HttpChannel.java:479)
	at org.eclipse.jetty.server.HttpConnection.onFillable(HttpConnection.java:277)
	at org.eclipse.jetty.io.AbstractConnection$ReadCallback.succeeded(AbstractConnection.java:311)
	at org.eclipse.jetty.io.FillInterest.fillable(FillInterest.java:105)
	at org.eclipse.jetty.io.ChannelEndPoint$1.run(ChannelEndPoint.java:104)
	at org.eclipse.jetty.util.thread.QueuedThreadPool.runJob(QueuedThreadPool.java:883)
	at org.eclipse.jetty.util.thread.QueuedThreadPool$Runner.run(QueuedThreadPool.java:1034)
	at java.lang.Thread.run(Thread.java:750)
2022-10-10 12:23:58,436 INFO io.javalin.core.util.JavalinLogger [main] 
       __                      __ _            __ __
      / /____ _ _   __ ____ _ / /(_)____      / // /
 __  / // __ `/| | / // __ `// // // __ \    / // /_
/ /_/ // /_/ / | |/ // /_/ // // // / / /   /__  __/
\____/ \__,_/  |___/ \__,_//_//_//_/ /_/      /_/

          https://javalin.io/documentation

2022-10-10 12:23:58,450 INFO org.eclipse.jetty.util.log.Log [main] Logging initialized @698ms to org.eclipse.jetty.util.log.Slf4jLog
2022-10-10 12:23:58,451 INFO io.javalin.core.util.JavalinLogger [main] Starting Javalin ...
2022-10-10 12:23:58,478 INFO io.javalin.core.util.JavalinLogger [main] You are running Javalin 4.6.4 (released July 8, 2022. Your Javalin version is 94 days old. Consider checking for a newer version.).
2022-10-10 12:23:58,752 INFO io.javalin.core.util.JavalinLogger [main] Listening on http://localhost:8081/
2022-10-10 12:23:58,753 INFO io.javalin.core.util.JavalinLogger [main] Javalin started in 303ms \o/
2022-10-10 12:24:40,360 INFO io.javalin.core.util.JavalinLogger [main] 
       __                      __ _            __ __
      / /____ _ _   __ ____ _ / /(_)____      / // /
 __  / // __ `/| | / // __ `// // // __ \    / // /_
/ /_/ // /_/ / | |/ // /_/ // // // / / /   /__  __/
\____/ \__,_/  |___/ \__,_//_//_//_/ /_/      /_/

          https://javalin.io/documentation

2022-10-10 12:24:40,373 INFO org.eclipse.jetty.util.log.Log [main] Logging initialized @734ms to org.eclipse.jetty.util.log.Slf4jLog
2022-10-10 12:24:40,374 INFO io.javalin.core.util.JavalinLogger [main] Starting Javalin ...
2022-10-10 12:24:40,401 INFO io.javalin.core.util.JavalinLogger [main] You are running Javalin 4.6.4 (released July 8, 2022. Your Javalin version is 94 days old. Consider checking for a newer version.).
2022-10-10 12:24:40,702 INFO io.javalin.core.util.JavalinLogger [main] Listening on http://localhost:8081/
2022-10-10 12:24:40,702 INFO io.javalin.core.util.JavalinLogger [main] Javalin started in 329ms \o/
2022-10-10 12:26:35,731 WARN io.javalin.core.util.JavalinLogger [JettyServerThreadPool-17] Uncaught exception
com.fasterxml.jackson.core.JsonParseException: Unexpected character ('-' (code 45)): was expecting comma to separate Object entries
 at [Source: (String)"
     {
         "amount":35.99,
         "date":2022-10-15,
         "employee_id":1,
         "description":"Staionary"
    }
"; line: 4, column: 22]
	at com.fasterxml.jackson.core.JsonParser._constructError(JsonParser.java:2391)
	at com.fasterxml.jackson.core.base.ParserMinimalBase._reportError(ParserMinimalBase.java:735)
	at com.fasterxml.jackson.core.base.ParserMinimalBase._reportUnexpectedChar(ParserMinimalBase.java:659)
	at com.fasterxml.jackson.core.json.ReaderBasedJsonParser._skipComma(ReaderBasedJsonParser.java:2382)
	at com.fasterxml.jackson.core.json.ReaderBasedJsonParser.nextFieldName(ReaderBasedJsonParser.java:947)
	at com.fasterxml.jackson.databind.deser.BeanDeserializer.vanillaDeserialize(BeanDeserializer.java:320)
	at com.fasterxml.jackson.databind.deser.BeanDeserializer.deserialize(BeanDeserializer.java:176)
	at com.fasterxml.jackson.databind.deser.DefaultDeserializationContext.readRootValue(DefaultDeserializationContext.java:323)
	at com.fasterxml.jackson.databind.ObjectMapper._readMapAndClose(ObjectMapper.java:4674)
	at com.fasterxml.jackson.databind.ObjectMapper.readValue(ObjectMapper.java:3629)
	at com.fasterxml.jackson.databind.ObjectMapper.readValue(ObjectMapper.java:3597)
	at io.javalin.plugin.json.JavalinJackson.fromJsonString(JavalinJackson.kt:37)
	at io.javalin.http.Context.bodyAsClass(Context.kt:113)
	at com.revature.controllers.TicketController.lambda$new$0(TicketController.java:21)
	at io.javalin.core.security.SecurityUtil.noopAccessManager(SecurityUtil.kt:20)
	at io.javalin.http.JavalinServlet.addHandler$lambda-0(JavalinServlet.kt:96)
	at io.javalin.http.JavalinServlet$lifecycle$2$1$1.invoke(JavalinServlet.kt:43)
	at io.javalin.http.JavalinServlet$lifecycle$2$1$1.invoke(JavalinServlet.kt:43)
	at io.javalin.http.JavalinServletHandler.executeNextTask(JavalinServletHandler.kt:99)
	at io.javalin.http.JavalinServletHandler.queueNextTaskOrFinish$lambda-1(JavalinServletHandler.kt:85)
	at java.util.concurrent.CompletableFuture.uniComposeStage(CompletableFuture.java:995)
	at java.util.concurrent.CompletableFuture.thenCompose(CompletableFuture.java:2137)
	at io.javalin.http.JavalinServletHandler.queueNextTaskOrFinish$javalin(JavalinServletHandler.kt:85)
	at io.javalin.http.JavalinServlet.service(JavalinServlet.kt:89)
	at javax.servlet.http.HttpServlet.service(HttpServlet.java:790)
	at io.javalin.jetty.JavalinJettyServlet.service(JavalinJettyServlet.kt:58)
	at javax.servlet.http.HttpServlet.service(HttpServlet.java:790)
	at org.eclipse.jetty.servlet.ServletHolder.handle(ServletHolder.java:799)
	at org.eclipse.jetty.servlet.ServletHandler.doHandle(ServletHandler.java:554)
	at org.eclipse.jetty.server.handler.ScopedHandler.nextHandle(ScopedHandler.java:233)
	at org.eclipse.jetty.server.session.SessionHandler.doHandle(SessionHandler.java:1624)
	at org.eclipse.jetty.server.handler.ScopedHandler.nextHandle(ScopedHandler.java:233)
	at io.javalin.jetty.JettyServer$start$wsAndHttpHandler$1.doHandle(JettyServer.kt:52)
	at org.eclipse.jetty.server.handler.ScopedHandler.nextScope(ScopedHandler.java:188)
	at org.eclipse.jetty.servlet.ServletHandler.doScope(ServletHandler.java:505)
	at org.eclipse.jetty.server.session.SessionHandler.doScope(SessionHandler.java:1594)
	at org.eclipse.jetty.server.handler.ScopedHandler.nextScope(ScopedHandler.java:186)
	at org.eclipse.jetty.server.handler.ContextHandler.doScope(ContextHandler.java:1355)
	at org.eclipse.jetty.server.handler.ScopedHandler.handle(ScopedHandler.java:141)
	at org.eclipse.jetty.server.handler.StatisticsHandler.handle(StatisticsHandler.java:181)
	at org.eclipse.jetty.server.handler.HandlerWrapper.handle(HandlerWrapper.java:127)
	at org.eclipse.jetty.server.Server.handle(Server.java:516)
	at org.eclipse.jetty.server.HttpChannel.lambda$handle$1(HttpChannel.java:487)
	at org.eclipse.jetty.server.HttpChannel.dispatch(HttpChannel.java:732)
	at org.eclipse.jetty.server.HttpChannel.handle(HttpChannel.java:479)
	at org.eclipse.jetty.server.HttpConnection.onFillable(HttpConnection.java:277)
	at org.eclipse.jetty.io.AbstractConnection$ReadCallback.succeeded(AbstractConnection.java:311)
	at org.eclipse.jetty.io.FillInterest.fillable(FillInterest.java:105)
	at org.eclipse.jetty.io.ChannelEndPoint$1.run(ChannelEndPoint.java:104)
	at org.eclipse.jetty.util.thread.QueuedThreadPool.runJob(QueuedThreadPool.java:883)
	at org.eclipse.jetty.util.thread.QueuedThreadPool$Runner.run(QueuedThreadPool.java:1034)
	at java.lang.Thread.run(Thread.java:750)
2022-10-10 12:37:02,528 INFO io.javalin.core.util.JavalinLogger [main] 
       __                      __ _            __ __
      / /____ _ _   __ ____ _ / /(_)____      / // /
 __  / // __ `/| | / // __ `// // // __ \    / // /_
/ /_/ // /_/ / | |/ // /_/ // // // / / /   /__  __/
\____/ \__,_/  |___/ \__,_//_//_//_/ /_/      /_/

          https://javalin.io/documentation

2022-10-10 12:37:02,543 INFO org.eclipse.jetty.util.log.Log [main] Logging initialized @712ms to org.eclipse.jetty.util.log.Slf4jLog
2022-10-10 12:37:02,544 INFO io.javalin.core.util.JavalinLogger [main] Starting Javalin ...
2022-10-10 12:37:02,575 INFO io.javalin.core.util.JavalinLogger [main] You are running Javalin 4.6.4 (released July 8, 2022. Your Javalin version is 94 days old. Consider checking for a newer version.).
2022-10-10 12:37:02,900 INFO io.javalin.core.util.JavalinLogger [main] Listening on http://localhost:8081/
2022-10-10 12:37:02,900 INFO io.javalin.core.util.JavalinLogger [main] Javalin started in 356ms \o/
2022-10-10 12:56:48,361 INFO io.javalin.core.util.JavalinLogger [main] 
       __                      __ _            __ __
      / /____ _ _   __ ____ _ / /(_)____      / // /
 __  / // __ `/| | / // __ `// // // __ \    / // /_
/ /_/ // /_/ / | |/ // /_/ // // // / / /   /__  __/
\____/ \__,_/  |___/ \__,_//_//_//_/ /_/      /_/

          https://javalin.io/documentation

2022-10-10 12:56:48,374 INFO org.eclipse.jetty.util.log.Log [main] Logging initialized @723ms to org.eclipse.jetty.util.log.Slf4jLog
2022-10-10 12:56:48,375 INFO io.javalin.core.util.JavalinLogger [main] Starting Javalin ...
2022-10-10 12:56:48,402 INFO io.javalin.core.util.JavalinLogger [main] You are running Javalin 4.6.4 (released July 8, 2022. Your Javalin version is 94 days old. Consider checking for a newer version.).
2022-10-10 12:56:48,678 INFO io.javalin.core.util.JavalinLogger [main] Listening on http://localhost:8081/
2022-10-10 12:56:48,678 INFO io.javalin.core.util.JavalinLogger [main] Javalin started in 303ms \o/
2022-10-10 12:58:21,212 INFO io.javalin.core.util.JavalinLogger [main] 
       __                      __ _            __ __
      / /____ _ _   __ ____ _ / /(_)____      / // /
 __  / // __ `/| | / // __ `// // // __ \    / // /_
/ /_/ // /_/ / | |/ // /_/ // // // / / /   /__  __/
\____/ \__,_/  |___/ \__,_//_//_//_/ /_/      /_/

          https://javalin.io/documentation

2022-10-10 12:58:21,224 INFO org.eclipse.jetty.util.log.Log [main] Logging initialized @714ms to org.eclipse.jetty.util.log.Slf4jLog
2022-10-10 12:58:21,225 INFO io.javalin.core.util.JavalinLogger [main] Starting Javalin ...
2022-10-10 12:58:21,252 INFO io.javalin.core.util.JavalinLogger [main] You are running Javalin 4.6.4 (released July 8, 2022. Your Javalin version is 94 days old. Consider checking for a newer version.).
2022-10-10 12:58:21,505 INFO io.javalin.core.util.JavalinLogger [main] Listening on http://localhost:8081/
2022-10-10 12:58:21,506 INFO io.javalin.core.util.JavalinLogger [main] Javalin started in 281ms \o/
2022-10-10 12:59:27,411 INFO io.javalin.core.util.JavalinLogger [main] 
       __                      __ _            __ __
      / /____ _ _   __ ____ _ / /(_)____      / // /
 __  / // __ `/| | / // __ `// // // __ \    / // /_
/ /_/ // /_/ / | |/ // /_/ // // // / / /   /__  __/
\____/ \__,_/  |___/ \__,_//_//_//_/ /_/      /_/

          https://javalin.io/documentation

2022-10-10 12:59:27,428 INFO org.eclipse.jetty.util.log.Log [main] Logging initialized @703ms to org.eclipse.jetty.util.log.Slf4jLog
2022-10-10 12:59:27,429 INFO io.javalin.core.util.JavalinLogger [main] Starting Javalin ...
2022-10-10 12:59:27,460 INFO io.javalin.core.util.JavalinLogger [main] You are running Javalin 4.6.4 (released July 8, 2022. Your Javalin version is 94 days old. Consider checking for a newer version.).
2022-10-10 12:59:27,752 INFO io.javalin.core.util.JavalinLogger [main] Listening on http://localhost:8081/
2022-10-10 12:59:27,753 INFO io.javalin.core.util.JavalinLogger [main] Javalin started in 324ms \o/
2022-10-10 12:59:49,527 INFO io.javalin.core.util.JavalinLogger [main] 
       __                      __ _            __ __
      / /____ _ _   __ ____ _ / /(_)____      / // /
 __  / // __ `/| | / // __ `// // // __ \    / // /_
/ /_/ // /_/ / | |/ // /_/ // // // / / /   /__  __/
\____/ \__,_/  |___/ \__,_//_//_//_/ /_/      /_/

          https://javalin.io/documentation

2022-10-10 12:59:49,542 INFO org.eclipse.jetty.util.log.Log [main] Logging initialized @678ms to org.eclipse.jetty.util.log.Slf4jLog
2022-10-10 12:59:49,543 INFO io.javalin.core.util.JavalinLogger [main] Starting Javalin ...
2022-10-10 12:59:49,571 INFO io.javalin.core.util.JavalinLogger [main] You are running Javalin 4.6.4 (released July 8, 2022. Your Javalin version is 94 days old. Consider checking for a newer version.).
2022-10-10 12:59:49,864 INFO io.javalin.core.util.JavalinLogger [main] Listening on http://localhost:8081/
2022-10-10 12:59:49,864 INFO io.javalin.core.util.JavalinLogger [main] Javalin started in 321ms \o/
2022-10-10 13:01:44,111 INFO io.javalin.core.util.JavalinLogger [main] 
       __                      __ _            __ __
      / /____ _ _   __ ____ _ / /(_)____      / // /
 __  / // __ `/| | / // __ `// // // __ \    / // /_
/ /_/ // /_/ / | |/ // /_/ // // // / / /   /__  __/
\____/ \__,_/  |___/ \__,_//_//_//_/ /_/      /_/

          https://javalin.io/documentation

2022-10-10 13:01:44,123 INFO org.eclipse.jetty.util.log.Log [main] Logging initialized @676ms to org.eclipse.jetty.util.log.Slf4jLog
2022-10-10 13:01:44,124 INFO io.javalin.core.util.JavalinLogger [main] Starting Javalin ...
2022-10-10 13:01:44,152 INFO io.javalin.core.util.JavalinLogger [main] You are running Javalin 4.6.4 (released July 8, 2022. Your Javalin version is 94 days old. Consider checking for a newer version.).
2022-10-10 13:01:44,430 INFO io.javalin.core.util.JavalinLogger [main] Listening on http://localhost:8081/
2022-10-10 13:01:44,430 INFO io.javalin.core.util.JavalinLogger [main] Javalin started in 306ms \o/
2022-10-10 13:02:54,630 INFO io.javalin.core.util.JavalinLogger [main] 
       __                      __ _            __ __
      / /____ _ _   __ ____ _ / /(_)____      / // /
 __  / // __ `/| | / // __ `// // // __ \    / // /_
/ /_/ // /_/ / | |/ // /_/ // // // / / /   /__  __/
\____/ \__,_/  |___/ \__,_//_//_//_/ /_/      /_/

          https://javalin.io/documentation

2022-10-10 13:02:54,644 INFO org.eclipse.jetty.util.log.Log [main] Logging initialized @691ms to org.eclipse.jetty.util.log.Slf4jLog
2022-10-10 13:02:54,645 INFO io.javalin.core.util.JavalinLogger [main] Starting Javalin ...
2022-10-10 13:02:54,674 INFO io.javalin.core.util.JavalinLogger [main] You are running Javalin 4.6.4 (released July 8, 2022. Your Javalin version is 94 days old. Consider checking for a newer version.).
2022-10-10 13:02:54,957 INFO io.javalin.core.util.JavalinLogger [main] Listening on http://localhost:8081/
2022-10-10 13:02:54,958 INFO io.javalin.core.util.JavalinLogger [main] Javalin started in 314ms \o/
2022-10-10 13:03:41,999 INFO io.javalin.core.util.JavalinLogger [main] 
       __                      __ _            __ __
      / /____ _ _   __ ____ _ / /(_)____      / // /
 __  / // __ `/| | / // __ `// // // __ \    / // /_
/ /_/ // /_/ / | |/ // /_/ // // // / / /   /__  __/
\____/ \__,_/  |___/ \__,_//_//_//_/ /_/      /_/

          https://javalin.io/documentation

2022-10-10 13:03:42,012 INFO org.eclipse.jetty.util.log.Log [main] Logging initialized @682ms to org.eclipse.jetty.util.log.Slf4jLog
2022-10-10 13:03:42,012 INFO io.javalin.core.util.JavalinLogger [main] Starting Javalin ...
2022-10-10 13:03:42,038 INFO io.javalin.core.util.JavalinLogger [main] You are running Javalin 4.6.4 (released July 8, 2022. Your Javalin version is 94 days old. Consider checking for a newer version.).
2022-10-10 13:03:42,310 INFO io.javalin.core.util.JavalinLogger [main] Listening on http://localhost:8081/
2022-10-10 13:03:42,310 INFO io.javalin.core.util.JavalinLogger [main] Javalin started in 298ms \o/
2022-10-10 13:07:36,180 INFO io.javalin.core.util.JavalinLogger [main] 
       __                      __ _            __ __
      / /____ _ _   __ ____ _ / /(_)____      / // /
 __  / // __ `/| | / // __ `// // // __ \    / // /_
/ /_/ // /_/ / | |/ // /_/ // // // / / /   /__  __/
\____/ \__,_/  |___/ \__,_//_//_//_/ /_/      /_/

          https://javalin.io/documentation

2022-10-10 13:07:36,191 INFO org.eclipse.jetty.util.log.Log [main] Logging initialized @668ms to org.eclipse.jetty.util.log.Slf4jLog
2022-10-10 13:07:36,193 INFO io.javalin.core.util.JavalinLogger [main] Starting Javalin ...
2022-10-10 13:07:36,219 INFO io.javalin.core.util.JavalinLogger [main] You are running Javalin 4.6.4 (released July 8, 2022. Your Javalin version is 94 days old. Consider checking for a newer version.).
2022-10-10 13:07:36,488 INFO io.javalin.core.util.JavalinLogger [main] Listening on http://localhost:8081/
2022-10-10 13:07:36,488 INFO io.javalin.core.util.JavalinLogger [main] Javalin started in 296ms \o/
