2022-10-12 09:41:20,040 INFO io.javalin.core.util.JavalinLogger [main] 
       __                      __ _            __ __
      / /____ _ _   __ ____ _ / /(_)____      / // /
 __  / // __ `/| | / // __ `// // // __ \    / // /_
/ /_/ // /_/ / | |/ // /_/ // // // / / /   /__  __/
\____/ \__,_/  |___/ \__,_//_//_//_/ /_/      /_/

          https://javalin.io/documentation

2022-10-12 09:41:20,055 INFO org.eclipse.jetty.util.log.Log [main] Logging initialized @735ms to org.eclipse.jetty.util.log.Slf4jLog
2022-10-12 09:41:20,056 INFO io.javalin.core.util.JavalinLogger [main] Starting Javalin ...
2022-10-12 09:41:20,085 INFO io.javalin.core.util.JavalinLogger [main] You are running Javalin 4.6.4 (released July 8, 2022. Your Javalin version is 95 days old. Consider checking for a newer version.).
2022-10-12 09:41:20,404 INFO io.javalin.core.util.JavalinLogger [main] Listening on http://localhost:8081/
2022-10-12 09:41:20,405 INFO io.javalin.core.util.JavalinLogger [main] Javalin started in 349ms \o/
2022-10-12 09:41:42,150 INFO io.javalin.core.util.JavalinLogger [main] 
       __                      __ _            __ __
      / /____ _ _   __ ____ _ / /(_)____      / // /
 __  / // __ `/| | / // __ `// // // __ \    / // /_
/ /_/ // /_/ / | |/ // /_/ // // // / / /   /__  __/
\____/ \__,_/  |___/ \__,_//_//_//_/ /_/      /_/

          https://javalin.io/documentation

2022-10-12 09:41:42,164 INFO org.eclipse.jetty.util.log.Log [main] Logging initialized @886ms to org.eclipse.jetty.util.log.Slf4jLog
2022-10-12 09:41:42,165 INFO io.javalin.core.util.JavalinLogger [main] Starting Javalin ...
2022-10-12 09:41:42,201 INFO io.javalin.core.util.JavalinLogger [main] You are running Javalin 4.6.4 (released July 8, 2022. Your Javalin version is 95 days old. Consider checking for a newer version.).
2022-10-12 09:41:42,500 INFO io.javalin.core.util.JavalinLogger [main] Listening on http://localhost:8081/
2022-10-12 09:41:42,500 INFO io.javalin.core.util.JavalinLogger [main] Javalin started in 335ms \o/
2022-10-12 09:41:45,057 INFO io.javalin.core.util.JavalinLogger [main] 
       __                      __ _            __ __
      / /____ _ _   __ ____ _ / /(_)____      / // /
 __  / // __ `/| | / // __ `// // // __ \    / // /_
/ /_/ // /_/ / | |/ // /_/ // // // / / /   /__  __/
\____/ \__,_/  |___/ \__,_//_//_//_/ /_/      /_/

          https://javalin.io/documentation

2022-10-12 09:41:45,068 INFO org.eclipse.jetty.util.log.Log [main] Logging initialized @681ms to org.eclipse.jetty.util.log.Slf4jLog
2022-10-12 09:41:45,068 INFO io.javalin.core.util.JavalinLogger [main] Starting Javalin ...
2022-10-12 09:41:45,095 INFO io.javalin.core.util.JavalinLogger [main] You are running Javalin 4.6.4 (released July 8, 2022. Your Javalin version is 95 days old. Consider checking for a newer version.).
2022-10-12 09:41:45,370 ERROR io.javalin.core.util.JavalinLogger [main] Failed to start Javalin
2022-10-12 09:41:45,371 INFO io.javalin.core.util.JavalinLogger [main] Stopping Javalin ...
2022-10-12 09:41:45,382 INFO io.javalin.core.util.JavalinLogger [main] Javalin has stopped
2022-10-12 12:18:27,015 INFO io.javalin.core.util.JavalinLogger [main] 
       __                      __ _            __ __
      / /____ _ _   __ ____ _ / /(_)____      / // /
 __  / // __ `/| | / // __ `// // // __ \    / // /_
/ /_/ // /_/ / | |/ // /_/ // // // / / /   /__  __/
\____/ \__,_/  |___/ \__,_//_//_//_/ /_/      /_/

          https://javalin.io/documentation

2022-10-12 12:18:27,030 INFO org.eclipse.jetty.util.log.Log [main] Logging initialized @853ms to org.eclipse.jetty.util.log.Slf4jLog
2022-10-12 12:18:27,031 INFO io.javalin.core.util.JavalinLogger [main] Starting Javalin ...
2022-10-12 12:18:27,065 INFO io.javalin.core.util.JavalinLogger [main] You are running Javalin 4.6.4 (released July 8, 2022. Your Javalin version is 96 days old. Consider checking for a newer version.).
2022-10-12 12:18:27,448 INFO io.javalin.core.util.JavalinLogger [main] Listening on http://localhost:8081/
2022-10-12 12:18:27,448 INFO io.javalin.core.util.JavalinLogger [main] Javalin started in 418ms \o/
2022-10-12 12:29:46,810 INFO io.javalin.core.util.JavalinLogger [main] 
       __                      __ _            __ __
      / /____ _ _   __ ____ _ / /(_)____      / // /
 __  / // __ `/| | / // __ `// // // __ \    / // /_
/ /_/ // /_/ / | |/ // /_/ // // // / / /   /__  __/
\____/ \__,_/  |___/ \__,_//_//_//_/ /_/      /_/

          https://javalin.io/documentation

2022-10-12 12:29:46,822 INFO org.eclipse.jetty.util.log.Log [main] Logging initialized @547ms to org.eclipse.jetty.util.log.Slf4jLog
2022-10-12 12:29:46,824 INFO io.javalin.core.util.JavalinLogger [main] Starting Javalin ...
2022-10-12 12:29:46,850 INFO io.javalin.core.util.JavalinLogger [main] You are running Javalin 4.6.4 (released July 8, 2022. Your Javalin version is 96 days old. Consider checking for a newer version.).
2022-10-12 12:29:47,078 ERROR io.javalin.core.util.JavalinLogger [main] Failed to start Javalin
2022-10-12 12:29:47,079 INFO io.javalin.core.util.JavalinLogger [main] Stopping Javalin ...
2022-10-12 12:29:47,087 INFO io.javalin.core.util.JavalinLogger [main] Javalin has stopped
2022-10-12 12:51:44,591 INFO io.javalin.core.util.JavalinLogger [main] 
       __                      __ _            __ __
      / /____ _ _   __ ____ _ / /(_)____      / // /
 __  / // __ `/| | / // __ `// // // __ \    / // /_
/ /_/ // /_/ / | |/ // /_/ // // // / / /   /__  __/
\____/ \__,_/  |___/ \__,_//_//_//_/ /_/      /_/

          https://javalin.io/documentation

2022-10-12 12:51:44,605 INFO org.eclipse.jetty.util.log.Log [main] Logging initialized @695ms to org.eclipse.jetty.util.log.Slf4jLog
2022-10-12 12:51:44,606 INFO io.javalin.core.util.JavalinLogger [main] Starting Javalin ...
2022-10-12 12:51:44,631 INFO io.javalin.core.util.JavalinLogger [main] You are running Javalin 4.6.4 (released July 8, 2022. Your Javalin version is 96 days old. Consider checking for a newer version.).
2022-10-12 12:51:44,871 INFO io.javalin.core.util.JavalinLogger [main] Listening on http://localhost:8081/
2022-10-12 12:51:44,871 INFO io.javalin.core.util.JavalinLogger [main] Javalin started in 266ms \o/
2022-10-12 13:12:33,579 INFO io.javalin.core.util.JavalinLogger [main] 
       __                      __ _            __ __
      / /____ _ _   __ ____ _ / /(_)____      / // /
 __  / // __ `/| | / // __ `// // // __ \    / // /_
/ /_/ // /_/ / | |/ // /_/ // // // / / /   /__  __/
\____/ \__,_/  |___/ \__,_//_//_//_/ /_/      /_/

          https://javalin.io/documentation

2022-10-12 13:12:33,593 INFO org.eclipse.jetty.util.log.Log [main] Logging initialized @565ms to org.eclipse.jetty.util.log.Slf4jLog
2022-10-12 13:12:33,594 INFO io.javalin.core.util.JavalinLogger [main] Starting Javalin ...
2022-10-12 13:12:33,620 INFO io.javalin.core.util.JavalinLogger [main] You are running Javalin 4.6.4 (released July 8, 2022. Your Javalin version is 96 days old. Consider checking for a newer version.).
2022-10-12 13:12:33,855 ERROR io.javalin.core.util.JavalinLogger [main] Failed to start Javalin
2022-10-12 13:12:33,855 INFO io.javalin.core.util.JavalinLogger [main] Stopping Javalin ...
2022-10-12 13:12:33,863 INFO io.javalin.core.util.JavalinLogger [main] Javalin has stopped
2022-10-12 13:15:32,557 INFO io.javalin.core.util.JavalinLogger [main] 
       __                      __ _            __ __
      / /____ _ _   __ ____ _ / /(_)____      / // /
 __  / // __ `/| | / // __ `// // // __ \    / // /_
/ /_/ // /_/ / | |/ // /_/ // // // / / /   /__  __/
\____/ \__,_/  |___/ \__,_//_//_//_/ /_/      /_/

          https://javalin.io/documentation

2022-10-12 13:15:32,570 INFO org.eclipse.jetty.util.log.Log [main] Logging initialized @700ms to org.eclipse.jetty.util.log.Slf4jLog
2022-10-12 13:15:32,571 INFO io.javalin.core.util.JavalinLogger [main] Starting Javalin ...
2022-10-12 13:15:32,594 INFO io.javalin.core.util.JavalinLogger [main] You are running Javalin 4.6.4 (released July 8, 2022. Your Javalin version is 96 days old. Consider checking for a newer version.).
2022-10-12 13:15:32,874 INFO io.javalin.core.util.JavalinLogger [main] Listening on http://localhost:8081/
2022-10-12 13:15:32,875 INFO io.javalin.core.util.JavalinLogger [main] Javalin started in 305ms \o/
